#! /c/Source/iverilog-install/bin/vvp
:ivl_version "12.0 (devel)" "(s20150603-1539-g2693dd32b)";
:ivl_delay_selection "TYPICAL";
:vpi_time_precision - 12;
:vpi_module "C:\iverilog\lib\ivl\system.vpi";
:vpi_module "C:\iverilog\lib\ivl\vhdl_sys.vpi";
:vpi_module "C:\iverilog\lib\ivl\vhdl_textio.vpi";
:vpi_module "C:\iverilog\lib\ivl\v2005_math.vpi";
:vpi_module "C:\iverilog\lib\ivl\va_math.vpi";
S_000001efe41d4e90 .scope module, "datapath_tb" "datapath_tb" 2 16;
 .timescale -9 -12;
v000001efe425bd40_0 .var "alu_ctrl", 2 0;
v000001efe425b8e0_0 .net "alu_result", 31 0, v000001efe41d0420_0;  1 drivers
v000001efe425a300_0 .var "alu_src", 0 0;
v000001efe425abc0_0 .var "clk", 0 0;
v000001efe425b0c0_0 .var "mem_to_reg", 0 0;
v000001efe425a4e0_0 .var "mem_write_en", 0 0;
v000001efe425be80_0 .net "pc_out", 31 0, L_000001efe41f8660;  1 drivers
v000001efe425ab20_0 .var "reg_dst", 0 0;
v000001efe425b020_0 .var "reg_write_en", 0 0;
v000001efe425aee0_0 .var "rst_n", 0 0;
S_000001efe41fb140 .scope module, "uut" "datapath" 2 41, 3 3 0, S_000001efe41d4e90;
 .timescale -9 -12;
    .port_info 0 /INPUT 1 "clk";
    .port_info 1 /INPUT 1 "rst_n";
    .port_info 2 /INPUT 1 "reg_write_en";
    .port_info 3 /INPUT 1 "reg_dst";
    .port_info 4 /INPUT 1 "alu_src";
    .port_info 5 /INPUT 3 "alu_ctrl";
    .port_info 6 /INPUT 1 "mem_write_en";
    .port_info 7 /INPUT 1 "mem_to_reg";
    .port_info 8 /OUTPUT 32 "pc_out";
    .port_info 9 /OUTPUT 32 "alu_result";
L_000001efe41f8660 .functor BUFZ 32, L_000001efe41f8e40, C4<00000000000000000000000000000000>, C4<00000000000000000000000000000000>, C4<00000000000000000000000000000000>;
v000001efe4258430_0 .net *"_ivl_13", 0 0, L_000001efe425b660;  1 drivers
v000001efe42596f0_0 .net *"_ivl_14", 15 0, L_000001efe425a800;  1 drivers
v000001efe4258610_0 .net *"_ivl_17", 15 0, L_000001efe425aa80;  1 drivers
v000001efe4259e70_0 .net *"_ivl_3", 4 0, L_000001efe425a6c0;  1 drivers
v000001efe4259bf0_0 .net *"_ivl_5", 4 0, L_000001efe425b160;  1 drivers
v000001efe4259c90_0 .net "alu_ctrl", 2 0, v000001efe425bd40_0;  1 drivers
v000001efe4259830_0 .net "alu_result", 31 0, v000001efe41d0420_0;  alias, 1 drivers
v000001efe42598d0_0 .net "alu_src", 0 0, v000001efe425a300_0;  1 drivers
v000001efe42586b0_0 .net "clk", 0 0, v000001efe425abc0_0;  1 drivers
v000001efe4258750_0 .net "instr", 31 0, L_000001efe41f8820;  1 drivers
v000001efe42587f0_0 .net "mem_to_reg", 0 0, v000001efe425b0c0_0;  1 drivers
v000001efe4258890_0 .net "mem_write_en", 0 0, v000001efe425a4e0_0;  1 drivers
v000001efe425b340_0 .net "pc", 31 0, L_000001efe41f8e40;  1 drivers
v000001efe425b7a0_0 .net "pc_out", 31 0, L_000001efe41f8660;  alias, 1 drivers
v000001efe425b980_0 .net "rd1", 31 0, L_000001efe425ada0;  1 drivers
v000001efe425ba20_0 .net "rd2", 31 0, L_000001efe425a760;  1 drivers
v000001efe425b3e0_0 .net "read_data", 31 0, L_000001efe41f8430;  1 drivers
v000001efe425b840_0 .net "reg_dst", 0 0, v000001efe425ab20_0;  1 drivers
v000001efe425bc00_0 .net "reg_write_en", 0 0, v000001efe425b020_0;  1 drivers
v000001efe425bac0_0 .net "result", 31 0, L_000001efe425ad00;  1 drivers
v000001efe425bb60_0 .net "rst_n", 0 0, v000001efe425aee0_0;  1 drivers
v000001efe425a260_0 .net "sign_imm", 31 0, L_000001efe425a8a0;  1 drivers
v000001efe425b200_0 .net "src_b", 31 0, L_000001efe425a940;  1 drivers
v000001efe425bca0_0 .net "write_reg", 4 0, L_000001efe425bf20;  1 drivers
v000001efe425b2a0_0 .net "zero_flag", 0 0, L_000001efe425b700;  1 drivers
L_000001efe425a6c0 .part L_000001efe41f8820, 11, 5;
L_000001efe425b160 .part L_000001efe41f8820, 16, 5;
L_000001efe425bf20 .functor MUXZ 5, L_000001efe425b160, L_000001efe425a6c0, v000001efe425ab20_0, C4<>;
L_000001efe425b520 .part L_000001efe41f8820, 21, 5;
L_000001efe425b5c0 .part L_000001efe41f8820, 16, 5;
L_000001efe425b660 .part L_000001efe41f8820, 15, 1;
LS_000001efe425a800_0_0 .concat [ 1 1 1 1], L_000001efe425b660, L_000001efe425b660, L_000001efe425b660, L_000001efe425b660;
LS_000001efe425a800_0_4 .concat [ 1 1 1 1], L_000001efe425b660, L_000001efe425b660, L_000001efe425b660, L_000001efe425b660;
LS_000001efe425a800_0_8 .concat [ 1 1 1 1], L_000001efe425b660, L_000001efe425b660, L_000001efe425b660, L_000001efe425b660;
LS_000001efe425a800_0_12 .concat [ 1 1 1 1], L_000001efe425b660, L_000001efe425b660, L_000001efe425b660, L_000001efe425b660;
L_000001efe425a800 .concat [ 4 4 4 4], LS_000001efe425a800_0_0, LS_000001efe425a800_0_4, LS_000001efe425a800_0_8, LS_000001efe425a800_0_12;
L_000001efe425aa80 .part L_000001efe41f8820, 0, 16;
L_000001efe425a8a0 .concat [ 16 16 0 0], L_000001efe425aa80, L_000001efe425a800;
L_000001efe425a940 .functor MUXZ 32, L_000001efe425a760, L_000001efe425a8a0, v000001efe425a300_0, C4<>;
L_000001efe425ad00 .functor MUXZ 32, v000001efe41d0420_0, L_000001efe41f8430, v000001efe425b0c0_0, C4<>;
S_000001efe4200f90 .scope module, "u_alu" "alu" 3 59, 4 2 0, S_000001efe41fb140;
 .timescale -9 -12;
    .port_info 0 /INPUT 32 "src_a";
    .port_info 1 /INPUT 32 "src_b";
    .port_info 2 /INPUT 3 "alu_ctrl";
    .port_info 3 /OUTPUT 32 "result";
    .port_info 4 /OUTPUT 1 "zero";
L_000001efe4640280 .functor BUFT 1, C4<00000000000000000000000000000000>, C4<0>, C4<0>, C4<0>;
v000001efe41d0e20_0 .net/2u *"_ivl_0", 31 0, L_000001efe4640280;  1 drivers
v000001efe41d0880_0 .net "alu_ctrl", 2 0, v000001efe425bd40_0;  alias, 1 drivers
v000001efe41d0420_0 .var "result", 31 0;
v000001efe41d0ec0_0 .net "src_a", 31 0, L_000001efe425ada0;  alias, 1 drivers
v000001efe41d09c0_0 .net "src_b", 31 0, L_000001efe425a940;  alias, 1 drivers
v000001efe41d0ce0_0 .net "zero", 0 0, L_000001efe425b700;  alias, 1 drivers
E_000001efe41d2340 .event anyedge, v000001efe41d0880_0, v000001efe41d0ec0_0, v000001efe41d09c0_0;
L_000001efe425b700 .cmp/eq 32, v000001efe41d0420_0, L_000001efe4640280;
S_000001efe4201120 .scope module, "u_data_mem" "data_memory" 3 68, 5 2 0, S_000001efe41fb140;
 .timescale -9 -12;
    .port_info 0 /INPUT 1 "clk";
    .port_info 1 /INPUT 1 "mem_write_en";
    .port_info 2 /INPUT 32 "addr";
    .port_info 3 /INPUT 32 "write_data";
    .port_info 4 /OUTPUT 32 "read_data";
P_000001efe41a3390 .param/l "DEPTH" 0 5 4, +C4<00000000000000000000000100000000>;
P_000001efe41a33c8 .param/l "WIDTH" 0 5 3, +C4<00000000000000000000000000100000>;
L_000001efe41f8430 .functor BUFZ 32, L_000001efe425a9e0, C4<00000000000000000000000000000000>, C4<00000000000000000000000000000000>, C4<00000000000000000000000000000000>;
v000001efe41d06a0_0 .net *"_ivl_0", 31 0, L_000001efe425a9e0;  1 drivers
v000001efe41d1000_0 .net *"_ivl_3", 29 0, L_000001efe425ac60;  1 drivers
v000001efe41d0a60_0 .net "addr", 31 0, v000001efe41d0420_0;  alias, 1 drivers
v000001efe41d0240_0 .net "clk", 0 0, v000001efe425abc0_0;  alias, 1 drivers
v000001efe41d04c0_0 .net "mem_write_en", 0 0, v000001efe425a4e0_0;  alias, 1 drivers
v000001efe41d0ba0 .array "ram", 255 0, 31 0;
v000001efe41d0740_0 .net "read_data", 31 0, L_000001efe41f8430;  alias, 1 drivers
v000001efe4259010_0 .net "write_data", 31 0, L_000001efe425a760;  alias, 1 drivers
E_000001efe41d28c0 .event posedge, v000001efe41d0240_0;
L_000001efe425a9e0 .array/port v000001efe41d0ba0, L_000001efe425ac60;
L_000001efe425ac60 .part v000001efe41d0420_0, 2, 30;
S_000001efe42017b0 .scope module, "u_if_stage" "if_stage" 3 29, 6 2 0, S_000001efe41fb140;
 .timescale -9 -12;
    .port_info 0 /INPUT 1 "clk";
    .port_info 1 /INPUT 1 "rst_n";
    .port_info 2 /OUTPUT 32 "instr";
    .port_info 3 /OUTPUT 32 "current_pc";
L_000001efe41f8e40 .functor BUFZ 32, v000001efe4258bb0_0, C4<00000000000000000000000000000000>, C4<00000000000000000000000000000000>, C4<00000000000000000000000000000000>;
L_000001efe4640088 .functor BUFT 1, C4<00000000000000000000000000000100>, C4<0>, C4<0>, C4<0>;
v000001efe4258c50_0 .net/2u *"_ivl_0", 31 0, L_000001efe4640088;  1 drivers
v000001efe42584d0_0 .net "clk", 0 0, v000001efe425abc0_0;  alias, 1 drivers
v000001efe4258070_0 .net "current_pc", 31 0, L_000001efe41f8e40;  alias, 1 drivers
v000001efe42590b0_0 .net "instr", 31 0, L_000001efe41f8820;  alias, 1 drivers
v000001efe4258f70_0 .net "pc", 31 0, v000001efe4258bb0_0;  1 drivers
v000001efe42581b0_0 .net "pc_next", 31 0, L_000001efe425a120;  1 drivers
v000001efe4258930_0 .net "rst_n", 0 0, v000001efe425aee0_0;  alias, 1 drivers
L_000001efe425a120 .arith/sum 32, v000001efe4258bb0_0, L_000001efe4640088;
S_000001efe4201940 .scope module, "u_imem" "instruction_memory" 6 20, 7 2 0, S_000001efe42017b0;
 .timescale -9 -12;
    .port_info 0 /INPUT 32 "addr";
    .port_info 1 /OUTPUT 32 "rd";
P_000001efe41a3960 .param/l "DEPTH" 0 7 4, +C4<00000000000000000000000100000000>;
P_000001efe41a3998 .param/l "WIDTH" 0 7 3, +C4<00000000000000000000000000100000>;
L_000001efe41f8820 .functor BUFZ 32, L_000001efe425a580, C4<00000000000000000000000000000000>, C4<00000000000000000000000000000000>, C4<00000000000000000000000000000000>;
v000001efe4259f10_0 .net *"_ivl_0", 31 0, L_000001efe425a580;  1 drivers
v000001efe4258ed0_0 .net *"_ivl_3", 29 0, L_000001efe425bde0;  1 drivers
v000001efe4259470_0 .net "addr", 31 0, v000001efe4258bb0_0;  alias, 1 drivers
v000001efe4259ab0 .array "ram", 255 0, 31 0;
v000001efe4258250_0 .net "rd", 31 0, L_000001efe41f8820;  alias, 1 drivers
L_000001efe425a580 .array/port v000001efe4259ab0, L_000001efe425bde0;
L_000001efe425bde0 .part v000001efe4258bb0_0, 2, 30;
S_000001efe41edb20 .scope module, "u_pc" "pc" 6 11, 8 2 0, S_000001efe42017b0;
 .timescale -9 -12;
    .port_info 0 /INPUT 1 "clk";
    .port_info 1 /INPUT 1 "rst_n";
    .port_info 2 /INPUT 32 "pc_next";
    .port_info 3 /OUTPUT 32 "pc";
v000001efe4258b10_0 .net "clk", 0 0, v000001efe425abc0_0;  alias, 1 drivers
v000001efe4258bb0_0 .var "pc", 31 0;
v000001efe4259970_0 .net "pc_next", 31 0, L_000001efe425a120;  alias, 1 drivers
v000001efe4259b50_0 .net "rst_n", 0 0, v000001efe425aee0_0;  alias, 1 drivers
E_000001efe41d2a40/0 .event negedge, v000001efe4259b50_0;
E_000001efe41d2a40/1 .event posedge, v000001efe41d0240_0;
E_000001efe41d2a40 .event/or E_000001efe41d2a40/0, E_000001efe41d2a40/1;
S_000001efe41edcb0 .scope module, "u_reg_file" "reg_file" 3 41, 9 2 0, S_000001efe41fb140;
 .timescale -9 -12;
    .port_info 0 /INPUT 1 "clk";
    .port_info 1 /INPUT 1 "we3";
    .port_info 2 /INPUT 5 "wa3";
    .port_info 3 /INPUT 32 "wd3";
    .port_info 4 /INPUT 5 "ra1";
    .port_info 5 /INPUT 5 "ra2";
    .port_info 6 /OUTPUT 32 "rd1";
    .port_info 7 /OUTPUT 32 "rd2";
L_000001efe46400d0 .functor BUFT 1, C4<00000>, C4<0>, C4<0>, C4<0>;
v000001efe4259790_0 .net/2u *"_ivl_0", 4 0, L_000001efe46400d0;  1 drivers
L_000001efe4640160 .functor BUFT 1, C4<00>, C4<0>, C4<0>, C4<0>;
v000001efe4258e30_0 .net *"_ivl_11", 1 0, L_000001efe4640160;  1 drivers
L_000001efe46401a8 .functor BUFT 1, C4<00000>, C4<0>, C4<0>, C4<0>;
v000001efe42582f0_0 .net/2u *"_ivl_14", 4 0, L_000001efe46401a8;  1 drivers
v000001efe4259510_0 .net *"_ivl_16", 0 0, L_000001efe425a1c0;  1 drivers
L_000001efe46401f0 .functor BUFT 1, C4<00000000000000000000000000000000>, C4<0>, C4<0>, C4<0>;
v000001efe4259290_0 .net/2u *"_ivl_18", 31 0, L_000001efe46401f0;  1 drivers
v000001efe4259d30_0 .net *"_ivl_2", 0 0, L_000001efe425b480;  1 drivers
v000001efe42589d0_0 .net *"_ivl_20", 31 0, L_000001efe425a440;  1 drivers
v000001efe4258a70_0 .net *"_ivl_22", 6 0, L_000001efe425a620;  1 drivers
L_000001efe4640238 .functor BUFT 1, C4<00>, C4<0>, C4<0>, C4<0>;
v000001efe4259330_0 .net *"_ivl_25", 1 0, L_000001efe4640238;  1 drivers
L_000001efe4640118 .functor BUFT 1, C4<00000000000000000000000000000000>, C4<0>, C4<0>, C4<0>;
v000001efe4258110_0 .net/2u *"_ivl_4", 31 0, L_000001efe4640118;  1 drivers
v000001efe4259a10_0 .net *"_ivl_6", 31 0, L_000001efe425a080;  1 drivers
v000001efe4259150_0 .net *"_ivl_8", 6 0, L_000001efe425a3a0;  1 drivers
v000001efe4258570_0 .net "clk", 0 0, v000001efe425abc0_0;  alias, 1 drivers
v000001efe4258cf0_0 .net "ra1", 4 0, L_000001efe425b520;  1 drivers
v000001efe42595b0_0 .net "ra2", 4 0, L_000001efe425b5c0;  1 drivers
v000001efe42591f0_0 .net "rd1", 31 0, L_000001efe425ada0;  alias, 1 drivers
v000001efe4258d90_0 .net "rd2", 31 0, L_000001efe425a760;  alias, 1 drivers
v000001efe42593d0 .array "rf", 0 31, 31 0;
v000001efe4258390_0 .net "wa3", 4 0, L_000001efe425bf20;  alias, 1 drivers
v000001efe4259650_0 .net "wd3", 31 0, L_000001efe425ad00;  alias, 1 drivers
v000001efe4259dd0_0 .net "we3", 0 0, v000001efe425b020_0;  alias, 1 drivers
L_000001efe425b480 .cmp/eq 5, L_000001efe425b520, L_000001efe46400d0;
L_000001efe425a080 .array/port v000001efe42593d0, L_000001efe425a3a0;
L_000001efe425a3a0 .concat [ 5 2 0 0], L_000001efe425b520, L_000001efe4640160;
L_000001efe425ada0 .functor MUXZ 32, L_000001efe425a080, L_000001efe4640118, L_000001efe425b480, C4<>;
L_000001efe425a1c0 .cmp/eq 5, L_000001efe425b5c0, L_000001efe46401a8;
L_000001efe425a440 .array/port v000001efe42593d0, L_000001efe425a620;
L_000001efe425a620 .concat [ 5 2 0 0], L_000001efe425b5c0, L_000001efe4640238;
L_000001efe425a760 .functor MUXZ 32, L_000001efe425a440, L_000001efe46401f0, L_000001efe425a1c0, C4<>;
    .scope S_000001efe41edb20;
T_0 ;
    %wait E_000001efe41d2a40;
    %load/vec4 v000001efe4259b50_0;
    %nor/r;
    %flag_set/vec4 8;
    %jmp/0xz  T_0.0, 8;
    %pushi/vec4 0, 0, 32;
    %assign/vec4 v000001efe4258bb0_0, 0;
    %jmp T_0.1;
T_0.0 ;
    %load/vec4 v000001efe4259970_0;
    %assign/vec4 v000001efe4258bb0_0, 0;
T_0.1 ;
    %jmp T_0;
    .thread T_0;
    .scope S_000001efe4201940;
T_1 ;
    %vpi_call 7 12 "$readmemh", "memfile.dat", v000001efe4259ab0 {0 0 0};
    %end;
    .thread T_1;
    .scope S_000001efe41edcb0;
T_2 ;
    %wait E_000001efe41d28c0;
    %load/vec4 v000001efe4259dd0_0;
    %flag_set/vec4 9;
    %flag_get/vec4 9;
    %jmp/0 T_2.2, 9;
    %load/vec4 v000001efe4258390_0;
    %pushi/vec4 0, 0, 5;
    %cmp/ne;
    %flag_get/vec4 4;
    %and;
T_2.2;
    %flag_set/vec4 8;
    %jmp/0xz  T_2.0, 8;
    %load/vec4 v000001efe4259650_0;
    %load/vec4 v000001efe4258390_0;
    %pad/u 7;
    %ix/vec4 3;
    %ix/load 4, 0, 0; Constant delay
    %assign/vec4/a/d v000001efe42593d0, 0, 4;
T_2.0 ;
    %jmp T_2;
    .thread T_2;
    .scope S_000001efe4200f90;
T_3 ;
    %wait E_000001efe41d2340;
    %load/vec4 v000001efe41d0880_0;
    %dup/vec4;
    %pushi/vec4 0, 0, 3;
    %cmp/u;
    %jmp/1 T_3.0, 6;
    %dup/vec4;
    %pushi/vec4 1, 0, 3;
    %cmp/u;
    %jmp/1 T_3.1, 6;
    %dup/vec4;
    %pushi/vec4 2, 0, 3;
    %cmp/u;
    %jmp/1 T_3.2, 6;
    %dup/vec4;
    %pushi/vec4 6, 0, 3;
    %cmp/u;
    %jmp/1 T_3.3, 6;
    %dup/vec4;
    %pushi/vec4 7, 0, 3;
    %cmp/u;
    %jmp/1 T_3.4, 6;
    %pushi/vec4 0, 0, 32;
    %store/vec4 v000001efe41d0420_0, 0, 32;
    %jmp T_3.6;
T_3.0 ;
    %load/vec4 v000001efe41d0ec0_0;
    %load/vec4 v000001efe41d09c0_0;
    %and;
    %store/vec4 v000001efe41d0420_0, 0, 32;
    %jmp T_3.6;
T_3.1 ;
    %load/vec4 v000001efe41d0ec0_0;
    %load/vec4 v000001efe41d09c0_0;
    %or;
    %store/vec4 v000001efe41d0420_0, 0, 32;
    %jmp T_3.6;
T_3.2 ;
    %load/vec4 v000001efe41d0ec0_0;
    %load/vec4 v000001efe41d09c0_0;
    %add;
    %store/vec4 v000001efe41d0420_0, 0, 32;
    %jmp T_3.6;
T_3.3 ;
    %load/vec4 v000001efe41d0ec0_0;
    %load/vec4 v000001efe41d09c0_0;
    %sub;
    %store/vec4 v000001efe41d0420_0, 0, 32;
    %jmp T_3.6;
T_3.4 ;
    %load/vec4 v000001efe41d0ec0_0;
    %load/vec4 v000001efe41d09c0_0;
    %cmp/s;
    %flag_mov 8, 5;
    %jmp/0 T_3.7, 8;
    %pushi/vec4 1, 0, 32;
    %jmp/1 T_3.8, 8;
T_3.7 ; End of true expr.
    %pushi/vec4 0, 0, 32;
    %jmp/0 T_3.8, 8;
 ; End of false expr.
    %blend;
T_3.8;
    %store/vec4 v000001efe41d0420_0, 0, 32;
    %jmp T_3.6;
T_3.6 ;
    %pop/vec4 1;
    %jmp T_3;
    .thread T_3, $push;
    .scope S_000001efe4201120;
T_4 ;
    %wait E_000001efe41d28c0;
    %load/vec4 v000001efe41d04c0_0;
    %flag_set/vec4 8;
    %jmp/0xz  T_4.0, 8;
    %load/vec4 v000001efe4259010_0;
    %load/vec4 v000001efe41d0a60_0;
    %parti/s 30, 2, 3;
    %ix/vec4 3;
    %ix/load 4, 0, 0; Constant delay
    %assign/vec4/a/d v000001efe41d0ba0, 0, 4;
T_4.0 ;
    %jmp T_4;
    .thread T_4;
    .scope S_000001efe41d4e90;
T_5 ;
    %pushi/vec4 0, 0, 1;
    %store/vec4 v000001efe425abc0_0, 0, 1;
T_5.0 ;
    %delay 5000, 0;
    %load/vec4 v000001efe425abc0_0;
    %inv;
    %store/vec4 v000001efe425abc0_0, 0, 1;
    %jmp T_5.0;
    %end;
    .thread T_5;
    .scope S_000001efe41d4e90;
T_6 ;
    %vpi_call 2 66 "$dumpfile", "datapath.vcd" {0 0 0};
    %vpi_call 2 67 "$dumpvars", 32'sb00000000000000000000000000000000, S_000001efe41d4e90 {0 0 0};
    %end;
    .thread T_6;
    .scope S_000001efe41d4e90;
T_7 ;
    %pushi/vec4 0, 0, 1;
    %store/vec4 v000001efe425aee0_0, 0, 1;
    %pushi/vec4 0, 0, 1;
    %store/vec4 v000001efe425b020_0, 0, 1;
    %pushi/vec4 0, 0, 1;
    %store/vec4 v000001efe425ab20_0, 0, 1;
    %pushi/vec4 0, 0, 1;
    %store/vec4 v000001efe425a300_0, 0, 1;
    %pushi/vec4 0, 0, 3;
    %store/vec4 v000001efe425bd40_0, 0, 3;
    %pushi/vec4 0, 0, 1;
    %store/vec4 v000001efe425a4e0_0, 0, 1;
    %pushi/vec4 0, 0, 1;
    %store/vec4 v000001efe425b0c0_0, 0, 1;
    %delay 10000, 0;
    %pushi/vec4 1, 0, 1;
    %store/vec4 v000001efe425aee0_0, 0, 1;
    %vpi_call 2 86 "$display", "--- Start Simulation ---" {0 0 0};
    %pushi/vec4 1, 0, 1;
    %store/vec4 v000001efe425b020_0, 0, 1;
    %pushi/vec4 1, 0, 1;
    %store/vec4 v000001efe425a300_0, 0, 1;
    %pushi/vec4 2, 0, 3;
    %store/vec4 v000001efe425bd40_0, 0, 3;
    %pushi/vec4 0, 0, 1;
    %store/vec4 v000001efe425ab20_0, 0, 1;
    %pushi/vec4 0, 0, 1;
    %store/vec4 v000001efe425a4e0_0, 0, 1;
    %delay 2000, 0;
    %vpi_call 2 100 "$display", "PC: %h | Result: %d (Expected 5)", v000001efe425be80_0, v000001efe425b8e0_0 {0 0 0};
    %wait E_000001efe41d28c0;
    %delay 1000, 0;
    %pushi/vec4 1, 0, 1;
    %store/vec4 v000001efe425b020_0, 0, 1;
    %pushi/vec4 1, 0, 1;
    %store/vec4 v000001efe425a300_0, 0, 1;
    %pushi/vec4 2, 0, 3;
    %store/vec4 v000001efe425bd40_0, 0, 3;
    %pushi/vec4 0, 0, 1;
    %store/vec4 v000001efe425ab20_0, 0, 1;
    %pushi/vec4 0, 0, 1;
    %store/vec4 v000001efe425a4e0_0, 0, 1;
    %delay 2000, 0;
    %vpi_call 2 115 "$display", "PC: %h | Result: %d (Expected 10)", v000001efe425be80_0, v000001efe425b8e0_0 {0 0 0};
    %wait E_000001efe41d28c0;
    %delay 1000, 0;
    %pushi/vec4 1, 0, 1;
    %store/vec4 v000001efe425b020_0, 0, 1;
    %pushi/vec4 0, 0, 1;
    %store/vec4 v000001efe425a300_0, 0, 1;
    %pushi/vec4 6, 0, 3;
    %store/vec4 v000001efe425bd40_0, 0, 3;
    %pushi/vec4 1, 0, 1;
    %store/vec4 v000001efe425ab20_0, 0, 1;
    %pushi/vec4 0, 0, 1;
    %store/vec4 v000001efe425a4e0_0, 0, 1;
    %delay 2000, 0;
    %vpi_call 2 131 "$display", "PC: %h | Result: %d (Expected 15)", v000001efe425be80_0, v000001efe425b8e0_0 {0 0 0};
    %wait E_000001efe41d28c0;
    %delay 1000, 0;
    %pushi/vec4 0, 0, 1;
    %store/vec4 v000001efe425b020_0, 0, 1;
    %pushi/vec4 1, 0, 1;
    %store/vec4 v000001efe425a300_0, 0, 1;
    %pushi/vec4 2, 0, 3;
    %store/vec4 v000001efe425bd40_0, 0, 3;
    %pushi/vec4 1, 0, 1;
    %store/vec4 v000001efe425a4e0_0, 0, 1;
    %delay 2000, 0;
    %vpi_call 2 146 "$display", "PC: %h | Store Addr: %d (Expected 4)", v000001efe425be80_0, v000001efe425b8e0_0 {0 0 0};
    %wait E_000001efe41d28c0;
    %delay 20000, 0;
    %vpi_call 2 153 "$finish" {0 0 0};
    %end;
    .thread T_7;
# The file index is used to find the file name in the following table.
:file_names 10;
    "N/A";
    "<interactive>";
    "datapath_tb.v";
    "datapath.v";
    "alu.v";
    "data_memory.v";
    "if_stage.v";
    "instruction_memory.v";
    "pc.v";
    "reg_file.v";
